<?xml version="1.0" encoding="UTF-8"?>
<coverage generated="1624640503956" clover="3.2.0">
  <project timestamp="1624640503956" name="All files">
    <metrics statements="55" coveredstatements="50" conditionals="16" coveredconditionals="12" methods="37" coveredmethods="32" elements="108" coveredelements="94" complexity="0" loc="55" ncloc="55" packages="1" files="2" classes="2"/>
    <file name="todo.js" path="/Users/juliamartin/Documents/LaunchSchool/TodoList/todo.js">
      <metrics statements="11" coveredstatements="11" conditionals="2" coveredconditionals="2" methods="6" coveredmethods="6"/>
      <line num="7" count="60" type="stmt"/>
      <line num="8" count="60" type="stmt"/>
      <line num="12" count="13" type="cond" truecount="2" falsecount="0"/>
      <line num="13" count="13" type="stmt"/>
      <line num="17" count="17" type="stmt"/>
      <line num="21" count="4" type="stmt"/>
      <line num="25" count="32" type="stmt"/>
      <line num="29" count="7" type="stmt"/>
      <line num="32" count="1" type="stmt"/>
      <line num="33" count="1" type="stmt"/>
      <line num="34" count="1" type="stmt"/>
    </file>
    <file name="todolist.js" path="/Users/juliamartin/Documents/LaunchSchool/TodoList/todolist.js">
      <metrics statements="44" coveredstatements="39" conditionals="14" coveredconditionals="10" methods="31" coveredmethods="26"/>
      <line num="1" count="1" type="stmt"/>
      <line num="5" count="24" type="stmt"/>
      <line num="6" count="24" type="stmt"/>
      <line num="10" count="66" type="cond" truecount="2" falsecount="0"/>
      <line num="11" count="1" type="stmt"/>
      <line num="13" count="65" type="stmt"/>
      <line num="17" count="5" type="stmt"/>
      <line num="21" count="2" type="cond" truecount="1" falsecount="1"/>
      <line num="22" count="2" type="stmt"/>
      <line num="26" count="1" type="cond" truecount="1" falsecount="1"/>
      <line num="27" count="1" type="stmt"/>
      <line num="31" count="14" type="stmt"/>
      <line num="32" count="10" type="stmt"/>
      <line num="36" count="10" type="stmt"/>
      <line num="40" count="1" type="stmt"/>
      <line num="44" count="8" type="stmt"/>
      <line num="48" count="1" type="stmt"/>
      <line num="52" count="1" type="stmt"/>
      <line num="56" count="2" type="stmt"/>
      <line num="57" count="1" type="stmt"/>
      <line num="61" count="5" type="stmt"/>
      <line num="62" count="5" type="stmt"/>
      <line num="63" count="13" type="stmt"/>
      <line num="65" count="5" type="stmt"/>
      <line num="69" count="5" type="stmt"/>
      <line num="73" count="3" type="stmt"/>
      <line num="74" count="3" type="stmt"/>
      <line num="75" count="9" type="cond" truecount="2" falsecount="0"/>
      <line num="76" count="3" type="stmt"/>
      <line num="79" count="3" type="stmt"/>
      <line num="83" count="6" type="stmt"/>
      <line num="84" count="2" type="cond" truecount="2" falsecount="0"/>
      <line num="85" count="1" type="stmt"/>
      <line num="89" count="0" type="stmt"/>
      <line num="93" count="0" type="stmt"/>
      <line num="97" count="0" type="stmt"/>
      <line num="98" count="0" type="cond" truecount="0" falsecount="2"/>
      <line num="99" count="0" type="stmt"/>
      <line num="104" count="9" type="stmt"/>
      <line num="108" count="3" type="stmt"/>
      <line num="112" count="3" type="stmt"/>
      <line num="116" count="16" type="cond" truecount="2" falsecount="0"/>
      <line num="117" count="5" type="stmt"/>
      <line num="123" count="1" type="stmt"/>
    </file>
  </project>
</coverage>
