{"/Users/juliamartin/Documents/LaunchSchool/TodoList/todo.js": {"path":"/Users/juliamartin/Documents/LaunchSchool/TodoList/todo.js","statementMap":{"0":{"start":{"line":7,"column":4},"end":{"line":7,"column":23}},"1":{"start":{"line":8,"column":4},"end":{"line":8,"column":22}},"2":{"start":{"line":12,"column":17},"end":{"line":12,"column":70}},"3":{"start":{"line":13,"column":4},"end":{"line":13,"column":39}},"4":{"start":{"line":17,"column":4},"end":{"line":17,"column":21}},"5":{"start":{"line":21,"column":4},"end":{"line":21,"column":22}},"6":{"start":{"line":25,"column":4},"end":{"line":25,"column":21}},"7":{"start":{"line":29,"column":4},"end":{"line":29,"column":22}},"8":{"start":{"line":32,"column":0},"end":{"line":32,"column":23}},"9":{"start":{"line":33,"column":0},"end":{"line":33,"column":25}},"10":{"start":{"line":34,"column":0},"end":{"line":34,"column":22}}},"fnMap":{"0":{"name":"(anonymous_0)","decl":{"start":{"line":6,"column":2},"end":{"line":6,"column":3}},"loc":{"start":{"line":6,"column":21},"end":{"line":9,"column":3}},"line":6},"1":{"name":"(anonymous_1)","decl":{"start":{"line":11,"column":2},"end":{"line":11,"column":3}},"loc":{"start":{"line":11,"column":13},"end":{"line":14,"column":3}},"line":11},"2":{"name":"(anonymous_2)","decl":{"start":{"line":16,"column":2},"end":{"line":16,"column":3}},"loc":{"start":{"line":16,"column":13},"end":{"line":18,"column":3}},"line":16},"3":{"name":"(anonymous_3)","decl":{"start":{"line":20,"column":2},"end":{"line":20,"column":3}},"loc":{"start":{"line":20,"column":15},"end":{"line":22,"column":3}},"line":20},"4":{"name":"(anonymous_4)","decl":{"start":{"line":24,"column":2},"end":{"line":24,"column":3}},"loc":{"start":{"line":24,"column":11},"end":{"line":26,"column":3}},"line":24},"5":{"name":"(anonymous_5)","decl":{"start":{"line":28,"column":2},"end":{"line":28,"column":3}},"loc":{"start":{"line":28,"column":13},"end":{"line":30,"column":3}},"line":28}},"branchMap":{"0":{"loc":{"start":{"line":12,"column":17},"end":{"line":12,"column":70}},"type":"cond-expr","locations":[{"start":{"line":12,"column":33},"end":{"line":12,"column":49}},{"start":{"line":12,"column":52},"end":{"line":12,"column":70}}],"line":12}},"s":{"0":60,"1":60,"2":13,"3":13,"4":17,"5":4,"6":32,"7":7,"8":1,"9":1,"10":1},"f":{"0":60,"1":13,"2":17,"3":4,"4":32,"5":7},"b":{"0":[8,5]},"_coverageSchema":"1a1c01bbd47fc00a2c39e90264f33305004495a9","hash":"e39a4ad9d23745819885a3639c245dc34931a49f"}
,"/Users/juliamartin/Documents/LaunchSchool/TodoList/todolist.js": {"path":"/Users/juliamartin/Documents/LaunchSchool/TodoList/todolist.js","statementMap":{"0":{"start":{"line":1,"column":13},"end":{"line":1,"column":33}},"1":{"start":{"line":5,"column":4},"end":{"line":5,"column":23}},"2":{"start":{"line":6,"column":4},"end":{"line":6,"column":20}},"3":{"start":{"line":10,"column":4},"end":{"line":12,"column":5}},"4":{"start":{"line":11,"column":6},"end":{"line":11,"column":45}},"5":{"start":{"line":13,"column":4},"end":{"line":13,"column":26}},"6":{"start":{"line":17,"column":4},"end":{"line":17,"column":29}},"7":{"start":{"line":21,"column":4},"end":{"line":21,"column":50}},"8":{"start":{"line":21,"column":33},"end":{"line":21,"column":50}},"9":{"start":{"line":22,"column":4},"end":{"line":22,"column":25}},"10":{"start":{"line":26,"column":4},"end":{"line":26,"column":50}},"11":{"start":{"line":26,"column":33},"end":{"line":26,"column":50}},"12":{"start":{"line":27,"column":4},"end":{"line":27,"column":39}},"13":{"start":{"line":31,"column":4},"end":{"line":31,"column":31}},"14":{"start":{"line":32,"column":4},"end":{"line":32,"column":29}},"15":{"start":{"line":36,"column":4},"end":{"line":36,"column":34}},"16":{"start":{"line":40,"column":4},"end":{"line":40,"column":36}},"17":{"start":{"line":44,"column":4},"end":{"line":44,"column":51}},"18":{"start":{"line":44,"column":36},"end":{"line":44,"column":49}},"19":{"start":{"line":48,"column":4},"end":{"line":48,"column":30}},"20":{"start":{"line":52,"column":4},"end":{"line":52,"column":28}},"21":{"start":{"line":56,"column":4},"end":{"line":56,"column":31}},"22":{"start":{"line":57,"column":4},"end":{"line":57,"column":42}},"23":{"start":{"line":61,"column":17},"end":{"line":61,"column":42}},"24":{"start":{"line":62,"column":4},"end":{"line":64,"column":7}},"25":{"start":{"line":63,"column":6},"end":{"line":63,"column":39}},"26":{"start":{"line":65,"column":4},"end":{"line":65,"column":18}},"27":{"start":{"line":69,"column":4},"end":{"line":69,"column":33}},"28":{"start":{"line":73,"column":19},"end":{"line":73,"column":43}},"29":{"start":{"line":74,"column":4},"end":{"line":78,"column":7}},"30":{"start":{"line":75,"column":6},"end":{"line":77,"column":7}},"31":{"start":{"line":76,"column":8},"end":{"line":76,"column":27}},"32":{"start":{"line":79,"column":4},"end":{"line":79,"column":20}},"33":{"start":{"line":83,"column":16},"end":{"line":83,"column":62}},"34":{"start":{"line":83,"column":36},"end":{"line":83,"column":61}},"35":{"start":{"line":84,"column":4},"end":{"line":84,"column":45}},"36":{"start":{"line":84,"column":28},"end":{"line":84,"column":45}},"37":{"start":{"line":85,"column":4},"end":{"line":85,"column":25}},"38":{"start":{"line":89,"column":4},"end":{"line":89,"column":46}},"39":{"start":{"line":89,"column":31},"end":{"line":89,"column":44}},"40":{"start":{"line":93,"column":4},"end":{"line":93,"column":47}},"41":{"start":{"line":93,"column":31},"end":{"line":93,"column":45}},"42":{"start":{"line":97,"column":16},"end":{"line":97,"column":39}},"43":{"start":{"line":98,"column":4},"end":{"line":100,"column":5}},"44":{"start":{"line":99,"column":6},"end":{"line":99,"column":23}},"45":{"start":{"line":104,"column":4},"end":{"line":104,"column":42}},"46":{"start":{"line":104,"column":25},"end":{"line":104,"column":40}},"47":{"start":{"line":108,"column":4},"end":{"line":108,"column":44}},"48":{"start":{"line":108,"column":25},"end":{"line":108,"column":42}},"49":{"start":{"line":112,"column":4},"end":{"line":112,"column":30}},"50":{"start":{"line":116,"column":4},"end":{"line":118,"column":5}},"51":{"start":{"line":117,"column":6},"end":{"line":117,"column":58}},"52":{"start":{"line":123,"column":0},"end":{"line":123,"column":26}}},"fnMap":{"0":{"name":"(anonymous_0)","decl":{"start":{"line":4,"column":2},"end":{"line":4,"column":3}},"loc":{"start":{"line":4,"column":21},"end":{"line":7,"column":3}},"line":4},"1":{"name":"(anonymous_1)","decl":{"start":{"line":9,"column":2},"end":{"line":9,"column":3}},"loc":{"start":{"line":9,"column":12},"end":{"line":14,"column":3}},"line":9},"2":{"name":"(anonymous_2)","decl":{"start":{"line":16,"column":2},"end":{"line":16,"column":3}},"loc":{"start":{"line":16,"column":9},"end":{"line":18,"column":3}},"line":16},"3":{"name":"(anonymous_3)","decl":{"start":{"line":20,"column":2},"end":{"line":20,"column":3}},"loc":{"start":{"line":20,"column":10},"end":{"line":23,"column":3}},"line":20},"4":{"name":"(anonymous_4)","decl":{"start":{"line":25,"column":2},"end":{"line":25,"column":3}},"loc":{"start":{"line":25,"column":9},"end":{"line":28,"column":3}},"line":25},"5":{"name":"(anonymous_5)","decl":{"start":{"line":30,"column":2},"end":{"line":30,"column":3}},"loc":{"start":{"line":30,"column":16},"end":{"line":33,"column":3}},"line":30},"6":{"name":"(anonymous_6)","decl":{"start":{"line":35,"column":2},"end":{"line":35,"column":3}},"loc":{"start":{"line":35,"column":20},"end":{"line":37,"column":3}},"line":35},"7":{"name":"(anonymous_7)","decl":{"start":{"line":39,"column":2},"end":{"line":39,"column":3}},"loc":{"start":{"line":39,"column":22},"end":{"line":41,"column":3}},"line":39},"8":{"name":"(anonymous_8)","decl":{"start":{"line":43,"column":2},"end":{"line":43,"column":3}},"loc":{"start":{"line":43,"column":11},"end":{"line":45,"column":3}},"line":43},"9":{"name":"(anonymous_9)","decl":{"start":{"line":44,"column":28},"end":{"line":44,"column":29}},"loc":{"start":{"line":44,"column":36},"end":{"line":44,"column":49}},"line":44},"10":{"name":"(anonymous_10)","decl":{"start":{"line":47,"column":2},"end":{"line":47,"column":3}},"loc":{"start":{"line":47,"column":10},"end":{"line":49,"column":3}},"line":47},"11":{"name":"(anonymous_11)","decl":{"start":{"line":51,"column":2},"end":{"line":51,"column":3}},"loc":{"start":{"line":51,"column":8},"end":{"line":53,"column":3}},"line":51},"12":{"name":"(anonymous_12)","decl":{"start":{"line":55,"column":2},"end":{"line":55,"column":3}},"loc":{"start":{"line":55,"column":18},"end":{"line":58,"column":3}},"line":55},"13":{"name":"(anonymous_13)","decl":{"start":{"line":60,"column":2},"end":{"line":60,"column":3}},"loc":{"start":{"line":60,"column":13},"end":{"line":66,"column":3}},"line":60},"14":{"name":"(anonymous_14)","decl":{"start":{"line":62,"column":23},"end":{"line":62,"column":24}},"loc":{"start":{"line":62,"column":31},"end":{"line":64,"column":5}},"line":62},"15":{"name":"(anonymous_15)","decl":{"start":{"line":68,"column":2},"end":{"line":68,"column":3}},"loc":{"start":{"line":68,"column":20},"end":{"line":70,"column":3}},"line":68},"16":{"name":"(anonymous_16)","decl":{"start":{"line":72,"column":2},"end":{"line":72,"column":3}},"loc":{"start":{"line":72,"column":19},"end":{"line":80,"column":3}},"line":72},"17":{"name":"(anonymous_17)","decl":{"start":{"line":74,"column":23},"end":{"line":74,"column":24}},"loc":{"start":{"line":74,"column":31},"end":{"line":78,"column":5}},"line":74},"18":{"name":"(anonymous_18)","decl":{"start":{"line":82,"column":2},"end":{"line":82,"column":3}},"loc":{"start":{"line":82,"column":21},"end":{"line":86,"column":3}},"line":82},"19":{"name":"(anonymous_19)","decl":{"start":{"line":83,"column":28},"end":{"line":83,"column":29}},"loc":{"start":{"line":83,"column":36},"end":{"line":83,"column":61}},"line":83},"20":{"name":"(anonymous_20)","decl":{"start":{"line":88,"column":2},"end":{"line":88,"column":3}},"loc":{"start":{"line":88,"column":12},"end":{"line":90,"column":3}},"line":88},"21":{"name":"(anonymous_21)","decl":{"start":{"line":89,"column":23},"end":{"line":89,"column":24}},"loc":{"start":{"line":89,"column":31},"end":{"line":89,"column":44}},"line":89},"22":{"name":"(anonymous_22)","decl":{"start":{"line":92,"column":2},"end":{"line":92,"column":3}},"loc":{"start":{"line":92,"column":15},"end":{"line":94,"column":3}},"line":92},"23":{"name":"(anonymous_23)","decl":{"start":{"line":93,"column":23},"end":{"line":93,"column":24}},"loc":{"start":{"line":93,"column":31},"end":{"line":93,"column":45}},"line":93},"24":{"name":"(anonymous_24)","decl":{"start":{"line":96,"column":2},"end":{"line":96,"column":3}},"loc":{"start":{"line":96,"column":18},"end":{"line":101,"column":3}},"line":96},"25":{"name":"(anonymous_25)","decl":{"start":{"line":103,"column":2},"end":{"line":103,"column":3}},"loc":{"start":{"line":103,"column":16},"end":{"line":105,"column":3}},"line":103},"26":{"name":"(anonymous_26)","decl":{"start":{"line":104,"column":17},"end":{"line":104,"column":18}},"loc":{"start":{"line":104,"column":25},"end":{"line":104,"column":40}},"line":104},"27":{"name":"(anonymous_27)","decl":{"start":{"line":107,"column":2},"end":{"line":107,"column":3}},"loc":{"start":{"line":107,"column":18},"end":{"line":109,"column":3}},"line":107},"28":{"name":"(anonymous_28)","decl":{"start":{"line":108,"column":17},"end":{"line":108,"column":18}},"loc":{"start":{"line":108,"column":25},"end":{"line":108,"column":42}},"line":108},"29":{"name":"(anonymous_29)","decl":{"start":{"line":111,"column":2},"end":{"line":111,"column":3}},"loc":{"start":{"line":111,"column":12},"end":{"line":113,"column":3}},"line":111},"30":{"name":"(anonymous_30)","decl":{"start":{"line":115,"column":2},"end":{"line":115,"column":3}},"loc":{"start":{"line":115,"column":24},"end":{"line":119,"column":3}},"line":115}},"branchMap":{"0":{"loc":{"start":{"line":10,"column":4},"end":{"line":12,"column":5}},"type":"if","locations":[{"start":{"line":10,"column":4},"end":{"line":12,"column":5}},{"start":{"line":10,"column":4},"end":{"line":12,"column":5}}],"line":10},"1":{"loc":{"start":{"line":21,"column":4},"end":{"line":21,"column":50}},"type":"if","locations":[{"start":{"line":21,"column":4},"end":{"line":21,"column":50}},{"start":{"line":21,"column":4},"end":{"line":21,"column":50}}],"line":21},"2":{"loc":{"start":{"line":26,"column":4},"end":{"line":26,"column":50}},"type":"if","locations":[{"start":{"line":26,"column":4},"end":{"line":26,"column":50}},{"start":{"line":26,"column":4},"end":{"line":26,"column":50}}],"line":26},"3":{"loc":{"start":{"line":75,"column":6},"end":{"line":77,"column":7}},"type":"if","locations":[{"start":{"line":75,"column":6},"end":{"line":77,"column":7}},{"start":{"line":75,"column":6},"end":{"line":77,"column":7}}],"line":75},"4":{"loc":{"start":{"line":84,"column":4},"end":{"line":84,"column":45}},"type":"if","locations":[{"start":{"line":84,"column":4},"end":{"line":84,"column":45}},{"start":{"line":84,"column":4},"end":{"line":84,"column":45}}],"line":84},"5":{"loc":{"start":{"line":98,"column":4},"end":{"line":100,"column":5}},"type":"if","locations":[{"start":{"line":98,"column":4},"end":{"line":100,"column":5}},{"start":{"line":98,"column":4},"end":{"line":100,"column":5}}],"line":98},"6":{"loc":{"start":{"line":116,"column":4},"end":{"line":118,"column":5}},"type":"if","locations":[{"start":{"line":116,"column":4},"end":{"line":118,"column":5}},{"start":{"line":116,"column":4},"end":{"line":118,"column":5}}],"line":116}},"s":{"0":1,"1":24,"2":24,"3":66,"4":1,"5":65,"6":5,"7":2,"8":0,"9":2,"10":1,"11":0,"12":1,"13":14,"14":10,"15":10,"16":1,"17":4,"18":8,"19":1,"20":1,"21":2,"22":1,"23":5,"24":5,"25":13,"26":5,"27":5,"28":3,"29":3,"30":9,"31":3,"32":3,"33":2,"34":6,"35":2,"36":1,"37":1,"38":0,"39":0,"40":0,"41":0,"42":0,"43":0,"44":0,"45":3,"46":9,"47":1,"48":3,"49":3,"50":16,"51":5,"52":1},"f":{"0":24,"1":66,"2":5,"3":2,"4":1,"5":14,"6":10,"7":1,"8":4,"9":8,"10":1,"11":1,"12":2,"13":5,"14":13,"15":5,"16":3,"17":9,"18":2,"19":6,"20":0,"21":0,"22":0,"23":0,"24":0,"25":3,"26":9,"27":1,"28":3,"29":3,"30":16},"b":{"0":[1,65],"1":[0,2],"2":[0,1],"3":[3,6],"4":[1,1],"5":[0,0],"6":[5,11]},"_coverageSchema":"1a1c01bbd47fc00a2c39e90264f33305004495a9","hash":"439c8ff8b4998d9e412e8aebf58104917d7dd616"}
}
