TN:
SF:todo.js
FN:6,(anonymous_0)
FN:11,(anonymous_1)
FN:16,(anonymous_2)
FN:20,(anonymous_3)
FN:24,(anonymous_4)
FN:28,(anonymous_5)
FNF:6
FNH:6
FNDA:60,(anonymous_0)
FNDA:13,(anonymous_1)
FNDA:17,(anonymous_2)
FNDA:4,(anonymous_3)
FNDA:32,(anonymous_4)
FNDA:7,(anonymous_5)
DA:7,60
DA:8,60
DA:12,13
DA:13,13
DA:17,17
DA:21,4
DA:25,32
DA:29,7
DA:32,1
DA:33,1
DA:34,1
LF:11
LH:11
BRDA:12,0,0,8
BRDA:12,0,1,5
BRF:2
BRH:2
end_of_record
TN:
SF:todolist.js
FN:4,(anonymous_0)
FN:9,(anonymous_1)
FN:16,(anonymous_2)
FN:20,(anonymous_3)
FN:25,(anonymous_4)
FN:30,(anonymous_5)
FN:35,(anonymous_6)
FN:39,(anonymous_7)
FN:43,(anonymous_8)
FN:44,(anonymous_9)
FN:47,(anonymous_10)
FN:51,(anonymous_11)
FN:55,(anonymous_12)
FN:60,(anonymous_13)
FN:62,(anonymous_14)
FN:68,(anonymous_15)
FN:72,(anonymous_16)
FN:74,(anonymous_17)
FN:82,(anonymous_18)
FN:83,(anonymous_19)
FN:88,(anonymous_20)
FN:89,(anonymous_21)
FN:92,(anonymous_22)
FN:93,(anonymous_23)
FN:96,(anonymous_24)
FN:103,(anonymous_25)
FN:104,(anonymous_26)
FN:107,(anonymous_27)
FN:108,(anonymous_28)
FN:111,(anonymous_29)
FN:115,(anonymous_30)
FNF:31
FNH:26
FNDA:24,(anonymous_0)
FNDA:66,(anonymous_1)
FNDA:5,(anonymous_2)
FNDA:2,(anonymous_3)
FNDA:1,(anonymous_4)
FNDA:14,(anonymous_5)
FNDA:10,(anonymous_6)
FNDA:1,(anonymous_7)
FNDA:4,(anonymous_8)
FNDA:8,(anonymous_9)
FNDA:1,(anonymous_10)
FNDA:1,(anonymous_11)
FNDA:2,(anonymous_12)
FNDA:5,(anonymous_13)
FNDA:13,(anonymous_14)
FNDA:5,(anonymous_15)
FNDA:3,(anonymous_16)
FNDA:9,(anonymous_17)
FNDA:2,(anonymous_18)
FNDA:6,(anonymous_19)
FNDA:0,(anonymous_20)
FNDA:0,(anonymous_21)
FNDA:0,(anonymous_22)
FNDA:0,(anonymous_23)
FNDA:0,(anonymous_24)
FNDA:3,(anonymous_25)
FNDA:9,(anonymous_26)
FNDA:1,(anonymous_27)
FNDA:3,(anonymous_28)
FNDA:3,(anonymous_29)
FNDA:16,(anonymous_30)
DA:1,1
DA:5,24
DA:6,24
DA:10,66
DA:11,1
DA:13,65
DA:17,5
DA:21,2
DA:22,2
DA:26,1
DA:27,1
DA:31,14
DA:32,10
DA:36,10
DA:40,1
DA:44,8
DA:48,1
DA:52,1
DA:56,2
DA:57,1
DA:61,5
DA:62,5
DA:63,13
DA:65,5
DA:69,5
DA:73,3
DA:74,3
DA:75,9
DA:76,3
DA:79,3
DA:83,6
DA:84,2
DA:85,1
DA:89,0
DA:93,0
DA:97,0
DA:98,0
DA:99,0
DA:104,9
DA:108,3
DA:112,3
DA:116,16
DA:117,5
DA:123,1
LF:44
LH:39
BRDA:10,0,0,1
BRDA:10,0,1,65
BRDA:21,1,0,0
BRDA:21,1,1,2
BRDA:26,2,0,0
BRDA:26,2,1,1
BRDA:75,3,0,3
BRDA:75,3,1,6
BRDA:84,4,0,1
BRDA:84,4,1,1
BRDA:98,5,0,0
BRDA:98,5,1,0
BRDA:116,6,0,5
BRDA:116,6,1,11
BRF:14
BRH:10
end_of_record
